<?xml version="1.0" encoding="UTF-8"?>
<testsuites name="Mocha Tests" time="106.776" tests="1" failures="1">
  <testsuite name="Root Suite" timestamp="2023-10-18T12:25:22" tests="0" file="cypress\e2e\automation-test-store\add-multiple-items-to-baskest.js" time="0.000" failures="0">
  </testsuite>
  <testsuite name="Add multiple items to basket" timestamp="2023-10-18T12:25:22" tests="1" time="106.748" failures="1">
    <testcase name="Add multiple items to basket Add specific item to basket" time="0.000" classname="Add specific item to basket">
      <failure message="cy.addProductsToBasket is not a function" type="TypeError"><![CDATA[TypeError: cy.addProductsToBasket is not a function
    at eval (webpack:///./cypress/support/pageObjects/automation-test-store/AutoStore_HairCare_PO.js:4:9)
    at AutoStore_HairCare_PO.addHairCareProductsToBasket (webpack:///./cypress/support/pageObjects/automation-test-store/AutoStore_HairCare_PO.js:3:32)
    at Context.eval (webpack:///./cypress/e2e/automation-test-store/add-multiple-items-to-baskest.js:26:26)]]></failure>
    </testcase>
  </testsuite>
</testsuites>